c:\users\jooyoung\desktop\packetsender-master\packetsender\debug\packetsender.pch
c:\users\jooyoung\desktop\packetsender-master\packetsender\debug\vc141.pdb
c:\users\jooyoung\desktop\packetsender-master\packetsender\debug\vc141.idb
c:\users\jooyoung\desktop\packetsender-master\packetsender\debug\stdafx.obj
c:\users\jooyoung\desktop\packetsender-master\packetsender\debug\baselayer.obj
c:\users\jooyoung\desktop\packetsender-master\packetsender\debug\iplayer.obj
c:\users\jooyoung\desktop\packetsender-master\packetsender\debug\layermanager.obj
c:\users\jooyoung\desktop\packetsender-master\packetsender\debug\linklayer.obj
c:\users\jooyoung\desktop\packetsender-master\packetsender\debug\nilayer.obj
c:\users\jooyoung\desktop\packetsender-master\packetsender\debug\packetsender.obj
c:\users\jooyoung\desktop\packetsender-master\packetsender\debug\packetsenderdlg.obj
c:\users\jooyoung\desktop\packetsender-master\packetsender\debug\s1aplayer.obj
c:\users\jooyoung\desktop\packetsender-master\packetsender\debug\sctplayer.obj
c:\users\jooyoung\desktop\packetsender-master\packetsender\debug\packetsender.ilk
c:\users\jooyoung\desktop\packetsender-master\packetsender\debug\packetsender.exe
c:\users\jooyoung\desktop\packetsender-master\packetsender\debug\packetsender.pdb
c:\users\jooyoung\desktop\packetsender-master\packetsender\debug\packetsender.res
c:\users\user\desktop\이동통신\과제\hw01\packetsender-master\packetsender\debug\baselayer.obj
c:\users\user\desktop\이동통신\과제\hw01\packetsender-master\packetsender\debug\iplayer.obj
c:\users\user\desktop\이동통신\과제\hw01\packetsender-master\packetsender\debug\layermanager.obj
c:\users\user\desktop\이동통신\과제\hw01\packetsender-master\packetsender\debug\linklayer.obj
c:\users\user\desktop\이동통신\과제\hw01\packetsender-master\packetsender\debug\nilayer.obj
c:\users\user\desktop\이동통신\과제\hw01\packetsender-master\packetsender\debug\packetsender.obj
c:\users\user\desktop\이동통신\과제\hw01\packetsender-master\packetsender\debug\packetsenderdlg.obj
c:\users\user\desktop\이동통신\과제\hw01\packetsender-master\packetsender\debug\s1aplayer.obj
c:\users\user\desktop\이동통신\과제\hw01\packetsender-master\packetsender\debug\sctplayer.obj
c:\users\user\desktop\이동통신\과제\hw01\packetsender-master\packetsender\debug\stdafx.obj
c:\users\user\desktop\이동통신\과제\hw01\packetsender-master\packetsender\debug\packetsender.ilk
c:\users\user\desktop\이동통신\과제\hw01\packetsender-master\packetsender\debug\packetsender.res
c:\users\user\desktop\이동통신\과제\hw01\packetsender-master\packetsender\debug\packetsender.pch
c:\users\user\desktop\이동통신\과제\hw01\packetsender-master\packetsender\debug\vc141.idb
c:\users\user\desktop\이동통신\과제\hw01\packetsender-master\packetsender\debug\packetsender.pdb
c:\users\user\desktop\이동통신\과제\hw01\packetsender-master\packetsender\debug\vc141.pdb
c:\users\user\desktop\이동통신\과제\hw01\packetsender-master\packetsender\debug\packetsender.exe
c:\users\user\desktop\이동통신\과제\hw01\packetsender-master\packetsender\debug\packetsender.tlog\cl.command.1.tlog
c:\users\user\desktop\이동통신\과제\hw01\packetsender-master\packetsender\debug\packetsender.tlog\cl.read.1.tlog
c:\users\user\desktop\이동통신\과제\hw01\packetsender-master\packetsender\debug\packetsender.tlog\cl.write.1.tlog
c:\users\user\desktop\이동통신\과제\hw01\packetsender-master\packetsender\debug\packetsender.tlog\link.command.1.tlog
c:\users\user\desktop\이동통신\과제\hw01\packetsender-master\packetsender\debug\packetsender.tlog\link.read.1.tlog
c:\users\user\desktop\이동통신\과제\hw01\packetsender-master\packetsender\debug\packetsender.tlog\link.write.1.tlog
c:\users\user\desktop\이동통신\과제\hw01\packetsender-master\packetsender\debug\packetsender.tlog\rc.command.1.tlog
c:\users\user\desktop\이동통신\과제\hw01\packetsender-master\packetsender\debug\packetsender.tlog\rc.read.1.tlog
c:\users\user\desktop\이동통신\과제\hw01\packetsender-master\packetsender\debug\packetsender.tlog\rc.write.1.tlog
